<?xml version="1.0" encoding="UTF-8"?>
<testng-results skipped="0" failed="1" total="6" passed="5">
  <reporter-output>
  </reporter-output>
  <suite name="sri.suite" duration-ms="611537" started-at="2021-02-27T02:50:27Z" finished-at="2021-02-27T03:00:38Z">
    <groups>
    </groups>
    <test name="sri-test" duration-ms="611537" started-at="2021-02-27T02:50:27Z" finished-at="2021-02-27T03:00:38Z">
      <class name="myPack.Srivalli">
        <test-method status="FAIL" signature="addEmp()[pri:0, instance:myPack.Srivalli@2752f6e2]" name="addEmp" duration-ms="604373" started-at="2021-02-27T08:20:27Z" finished-at="2021-02-27T08:30:31Z">
          <exception class="org.openqa.selenium.SessionNotCreatedException">
            <message>
              <![CDATA[session not created
from timeout: Timed out receiving message from renderer: 600.000
  (Session info: chrome=88.0.4324.190)
Build info: version: '3.141.59', revision: 'e82be7d358', time: '2018-11-14T08:17:03'
System info: host: 'MAHESH', ip: '192.168.1.7', os.name: 'Windows 10', os.arch: 'amd64', os.version: '10.0', java.version: '1.8.0_221'
Driver info: driver.version: ChromeDriver
remote stacktrace: Backtrace:
	GetHandleVerifier [0x0056B963+483]
	GetHandleVerifier [0x0056B941+449]
	GetHandleVerifier [0x00913308+3832712]
	GetHandleVerifier [0x0090778C+3784716]
	GetHandleVerifier [0x00906A47+3781319]
	GetHandleVerifier [0x00906E36+3782326]
	GetHandleVerifier [0x00906765+3780581]
	GetHandleVerifier [0x0090C420+3804320]
	GetHandleVerifier [0x00906721+3780513]
	GetHandleVerifier [0x009074B2+3783986]
	GetHandleVerifier [0x00906A47+3781319]
	GetHandleVerifier [0x00906E36+3782326]
	GetHandleVerifier [0x00906765+3780581]
	GetHandleVerifier [0x0090B655+3800789]
	GetHandleVerifier [0x00906721+3780513]
	GetHandleVerifier [0x009074B2+3783986]
	GetHandleVerifier [0x00906A47+3781319]
	GetHandleVerifier [0x00906E36+3782326]
	GetHandleVerifier [0x00906765+3780581]
	GetHandleVerifier [0x00902F46+3766214]
	GetHandleVerifier [0x00906721+3780513]
	GetHandleVerifier [0x00906543+3780035]
	GetHandleVerifier [0x00906337+3779511]
	GetHandleVerifier [0x00914540+3837376]
	GetHandleVerifier [0x0094F4BC+4078908]
	GetHandleVerifier [0x0094E56C+4074988]
	GetHandleVerifier [0x0094B2EB+4062059]
	GetHandleVerifier [0x0092ED14+3945876]
	GetHandleVerifier [0x0092FBCE+3949646]
	GetHandleVerifier [0x0092FB59+3949529]
	Ordinal0 [0x0052B5CC+46540]
	Ordinal0 [0x00529F53+40787]
	Ordinal0 [0x00529B12+39698]
	GetHandleVerifier [0x00831468+2907368]
	GetHandleVerifier [0x006771EE+1096302]
	GetHandleVerifier [0x00633E8D+821005]
	GetHandleVerifier [0x0063396B+819691]
	GetHandleVerifier [0x00633881+819457]
	GetHandleVerifier [0x0065F463+998627]
	BaseThreadInitThunk [0x76E1FA29+25]
	RtlGetAppContainerNamedObjectPath [0x779C76B4+228]
	RtlGetAppContainerNamedObjectPath [0x779C7684+180]
]]>
            </message>
            <full-stacktrace>
              <![CDATA[org.openqa.selenium.SessionNotCreatedException: session not created
from timeout: Timed out receiving message from renderer: 600.000
  (Session info: chrome=88.0.4324.190)
Build info: version: '3.141.59', revision: 'e82be7d358', time: '2018-11-14T08:17:03'
System info: host: 'MAHESH', ip: '192.168.1.7', os.name: 'Windows 10', os.arch: 'amd64', os.version: '10.0', java.version: '1.8.0_221'
Driver info: driver.version: ChromeDriver
remote stacktrace: Backtrace:
	GetHandleVerifier [0x0056B963+483]
	GetHandleVerifier [0x0056B941+449]
	GetHandleVerifier [0x00913308+3832712]
	GetHandleVerifier [0x0090778C+3784716]
	GetHandleVerifier [0x00906A47+3781319]
	GetHandleVerifier [0x00906E36+3782326]
	GetHandleVerifier [0x00906765+3780581]
	GetHandleVerifier [0x0090C420+3804320]
	GetHandleVerifier [0x00906721+3780513]
	GetHandleVerifier [0x009074B2+3783986]
	GetHandleVerifier [0x00906A47+3781319]
	GetHandleVerifier [0x00906E36+3782326]
	GetHandleVerifier [0x00906765+3780581]
	GetHandleVerifier [0x0090B655+3800789]
	GetHandleVerifier [0x00906721+3780513]
	GetHandleVerifier [0x009074B2+3783986]
	GetHandleVerifier [0x00906A47+3781319]
	GetHandleVerifier [0x00906E36+3782326]
	GetHandleVerifier [0x00906765+3780581]
	GetHandleVerifier [0x00902F46+3766214]
	GetHandleVerifier [0x00906721+3780513]
	GetHandleVerifier [0x00906543+3780035]
	GetHandleVerifier [0x00906337+3779511]
	GetHandleVerifier [0x00914540+3837376]
	GetHandleVerifier [0x0094F4BC+4078908]
	GetHandleVerifier [0x0094E56C+4074988]
	GetHandleVerifier [0x0094B2EB+4062059]
	GetHandleVerifier [0x0092ED14+3945876]
	GetHandleVerifier [0x0092FBCE+3949646]
	GetHandleVerifier [0x0092FB59+3949529]
	Ordinal0 [0x0052B5CC+46540]
	Ordinal0 [0x00529F53+40787]
	Ordinal0 [0x00529B12+39698]
	GetHandleVerifier [0x00831468+2907368]
	GetHandleVerifier [0x006771EE+1096302]
	GetHandleVerifier [0x00633E8D+821005]
	GetHandleVerifier [0x0063396B+819691]
	GetHandleVerifier [0x00633881+819457]
	GetHandleVerifier [0x0065F463+998627]
	BaseThreadInitThunk [0x76E1FA29+25]
	RtlGetAppContainerNamedObjectPath [0x779C76B4+228]
	RtlGetAppContainerNamedObjectPath [0x779C7684+180]

	at sun.reflect.NativeConstructorAccessorImpl.newInstance0(Native Method)
	at sun.reflect.NativeConstructorAccessorImpl.newInstance(NativeConstructorAccessorImpl.java:62)
	at sun.reflect.DelegatingConstructorAccessorImpl.newInstance(DelegatingConstructorAccessorImpl.java:45)
	at java.lang.reflect.Constructor.newInstance(Constructor.java:423)
	at org.openqa.selenium.remote.W3CHandshakeResponse.lambda$errorHandler$0(W3CHandshakeResponse.java:62)
	at org.openqa.selenium.remote.HandshakeResponse.lambda$getResponseFunction$0(HandshakeResponse.java:30)
	at org.openqa.selenium.remote.ProtocolHandshake.lambda$createSession$0(ProtocolHandshake.java:126)
	at java.util.stream.ReferencePipeline$3$1.accept(ReferencePipeline.java:193)
	at java.util.Spliterators$ArraySpliterator.tryAdvance(Spliterators.java:958)
	at java.util.stream.ReferencePipeline.forEachWithCancel(ReferencePipeline.java:126)
	at java.util.stream.AbstractPipeline.copyIntoWithCancel(AbstractPipeline.java:499)
	at java.util.stream.AbstractPipeline.copyInto(AbstractPipeline.java:486)
	at java.util.stream.AbstractPipeline.wrapAndCopyInto(AbstractPipeline.java:472)
	at java.util.stream.FindOps$FindOp.evaluateSequential(FindOps.java:152)
	at java.util.stream.AbstractPipeline.evaluate(AbstractPipeline.java:234)
	at java.util.stream.ReferencePipeline.findFirst(ReferencePipeline.java:464)
	at org.openqa.selenium.remote.ProtocolHandshake.createSession(ProtocolHandshake.java:128)
	at org.openqa.selenium.remote.ProtocolHandshake.createSession(ProtocolHandshake.java:74)
	at org.openqa.selenium.remote.HttpCommandExecutor.execute(HttpCommandExecutor.java:136)
	at org.openqa.selenium.remote.service.DriverCommandExecutor.execute(DriverCommandExecutor.java:83)
	at org.openqa.selenium.remote.RemoteWebDriver.execute(RemoteWebDriver.java:552)
	at org.openqa.selenium.remote.RemoteWebDriver.startSession(RemoteWebDriver.java:213)
	at org.openqa.selenium.remote.RemoteWebDriver.<init>(RemoteWebDriver.java:131)
	at org.openqa.selenium.chrome.ChromeDriver.<init>(ChromeDriver.java:181)
	at org.openqa.selenium.chrome.ChromeDriver.<init>(ChromeDriver.java:168)
	at org.openqa.selenium.chrome.ChromeDriver.<init>(ChromeDriver.java:123)
	at myPack.Srivalli.addEmp(Srivalli.java:33)
	at sun.reflect.NativeMethodAccessorImpl.invoke0(Native Method)
	at sun.reflect.NativeMethodAccessorImpl.invoke(NativeMethodAccessorImpl.java:62)
	at sun.reflect.DelegatingMethodAccessorImpl.invoke(DelegatingMethodAccessorImpl.java:43)
	at java.lang.reflect.Method.invoke(Method.java:498)
	at org.testng.internal.MethodInvocationHelper.invokeMethod(MethodInvocationHelper.java:80)
	at org.testng.internal.Invoker.invokeMethod(Invoker.java:714)
	at org.testng.internal.Invoker.invokeTestMethod(Invoker.java:901)
	at org.testng.internal.Invoker.invokeTestMethods(Invoker.java:1231)
	at org.testng.internal.TestMethodWorker.invokeTestMethods(TestMethodWorker.java:127)
	at org.testng.internal.TestMethodWorker.run(TestMethodWorker.java:111)
	at org.testng.TestRunner.privateRun(TestRunner.java:767)
	at org.testng.TestRunner.run(TestRunner.java:617)
	at org.testng.SuiteRunner.runTest(SuiteRunner.java:334)
	at org.testng.SuiteRunner.runSequentially(SuiteRunner.java:329)
	at org.testng.SuiteRunner.privateRun(SuiteRunner.java:291)
	at org.testng.SuiteRunner.run(SuiteRunner.java:240)
	at org.testng.SuiteRunnerWorker.runSuite(SuiteRunnerWorker.java:52)
	at org.testng.SuiteRunnerWorker.run(SuiteRunnerWorker.java:86)
	at org.testng.TestNG.runSuitesSequentially(TestNG.java:1198)
	at org.testng.TestNG.runSuitesLocally(TestNG.java:1123)
	at org.testng.TestNG.run(TestNG.java:1031)
	at org.apache.maven.surefire.testng.TestNGExecutor.run(TestNGExecutor.java:283)
	at org.apache.maven.surefire.testng.TestNGXmlTestSuite.execute(TestNGXmlTestSuite.java:75)
	at org.apache.maven.surefire.testng.TestNGProvider.invoke(TestNGProvider.java:120)
	at org.apache.maven.surefire.booter.ForkedBooter.invokeProviderInSameClassLoader(ForkedBooter.java:386)
	at org.apache.maven.surefire.booter.ForkedBooter.runSuitesInProcess(ForkedBooter.java:323)
	at org.apache.maven.surefire.booter.ForkedBooter.main(ForkedBooter.java:143)
]]>
            </full-stacktrace>
          </exception> <!-- org.openqa.selenium.SessionNotCreatedException -->
          <reporter-output>
          </reporter-output>
        </test-method> <!-- addEmp -->
        <test-method status="PASS" signature="addLocation()[pri:0, instance:myPack.Srivalli@2752f6e2]" name="addLocation" duration-ms="1" started-at="2021-02-27T08:30:31Z" finished-at="2021-02-27T08:30:31Z">
          <reporter-output>
          </reporter-output>
        </test-method> <!-- addLocation -->
        <test-method status="PASS" signature="deleteEmp()[pri:0, instance:myPack.Srivalli@2752f6e2]" name="deleteEmp" duration-ms="1" started-at="2021-02-27T08:30:31Z" finished-at="2021-02-27T08:30:31Z">
          <reporter-output>
          </reporter-output>
        </test-method> <!-- deleteEmp -->
        <test-method status="PASS" signature="editEmp()[pri:0, instance:myPack.Srivalli@2752f6e2]" name="editEmp" duration-ms="0" started-at="2021-02-27T08:30:31Z" finished-at="2021-02-27T08:30:31Z">
          <reporter-output>
          </reporter-output>
        </test-method> <!-- editEmp -->
        <test-method status="PASS" signature="editLocation()[pri:0, instance:myPack.Srivalli@2752f6e2]" name="editLocation" duration-ms="0" started-at="2021-02-27T08:30:31Z" finished-at="2021-02-27T08:30:31Z">
          <reporter-output>
          </reporter-output>
        </test-method> <!-- editLocation -->
        <test-method status="PASS" signature="verifyLogin()[pri:0, instance:myPack.Srivalli@2752f6e2]" name="verifyLogin" duration-ms="7123" started-at="2021-02-27T08:30:31Z" finished-at="2021-02-27T08:30:38Z">
          <reporter-output>
          </reporter-output>
        </test-method> <!-- verifyLogin -->
      </class> <!-- myPack.Srivalli -->
    </test> <!-- sri-test -->
  </suite> <!-- sri.suite -->
</testng-results>
