<?xml version="1.0" encoding="UTF-8"?>
<!-- Generated by org.testng.reporters.JUnitXMLReporter -->
<testsuite hostname="Mahesh" name="sri-test" tests="6" failures="1" timestamp="27 Feb 2021 03:00:38 GMT" time="611.537" errors="0">
  <testcase name="addEmp" time="604.373" classname="myPack.Srivalli">
    <failure type="org.openqa.selenium.SessionNotCreatedException" message="session not created
from timeout: Timed out receiving message from renderer: 600.000
  (Session info: chrome=88.0.4324.190)
Build info: version: &amp;apos;3.141.59&amp;apos;, revision: &amp;apos;e82be7d358&amp;apos;, time: &amp;apos;2018-11-14T08:17:03&amp;apos;
System info: host: &amp;apos;MAHESH&amp;apos;, ip: &amp;apos;192.168.1.7&amp;apos;, os.name: &amp;apos;Windows 10&amp;apos;, os.arch: &amp;apos;amd64&amp;apos;, os.version: &amp;apos;10.0&amp;apos;, java.version: &amp;apos;1.8.0_221&amp;apos;
Driver info: driver.version: ChromeDriver
remote stacktrace: Backtrace:
	GetHandleVerifier [0x0056B963+483]
	GetHandleVerifier [0x0056B941+449]
	GetHandleVerifier [0x00913308+3832712]
	GetHandleVerifier [0x0090778C+3784716]
	GetHandleVerifier [0x00906A47+3781319]
	GetHandleVerifier [0x00906E36+3782326]
	GetHandleVerifier [0x00906765+3780581]
	GetHandleVerifier [0x0090C420+3804320]
	GetHandleVerifier [0x00906721+3780513]
	GetHandleVerifier [0x009074B2+3783986]
	GetHandleVerifier [0x00906A47+3781319]
	GetHandleVerifier [0x00906E36+3782326]
	GetHandleVerifier [0x00906765+3780581]
	GetHandleVerifier [0x0090B655+3800789]
	GetHandleVerifier [0x00906721+3780513]
	GetHandleVerifier [0x009074B2+3783986]
	GetHandleVerifier [0x00906A47+3781319]
	GetHandleVerifier [0x00906E36+3782326]
	GetHandleVerifier [0x00906765+3780581]
	GetHandleVerifier [0x00902F46+3766214]
	GetHandleVerifier [0x00906721+3780513]
	GetHandleVerifier [0x00906543+3780035]
	GetHandleVerifier [0x00906337+3779511]
	GetHandleVerifier [0x00914540+3837376]
	GetHandleVerifier [0x0094F4BC+4078908]
	GetHandleVerifier [0x0094E56C+4074988]
	GetHandleVerifier [0x0094B2EB+4062059]
	GetHandleVerifier [0x0092ED14+3945876]
	GetHandleVerifier [0x0092FBCE+3949646]
	GetHandleVerifier [0x0092FB59+3949529]
	Ordinal0 [0x0052B5CC+46540]
	Ordinal0 [0x00529F53+40787]
	Ordinal0 [0x00529B12+39698]
	GetHandleVerifier [0x00831468+2907368]
	GetHandleVerifier [0x006771EE+1096302]
	GetHandleVerifier [0x00633E8D+821005]
	GetHandleVerifier [0x0063396B+819691]
	GetHandleVerifier [0x00633881+819457]
	GetHandleVerifier [0x0065F463+998627]
	BaseThreadInitThunk [0x76E1FA29+25]
	RtlGetAppContainerNamedObjectPath [0x779C76B4+228]
	RtlGetAppContainerNamedObjectPath [0x779C7684+180]
">
      <![CDATA[org.openqa.selenium.SessionNotCreatedException: session not created
from timeout: Timed out receiving message from renderer: 600.000
  (Session info: chrome=88.0.4324.190)
Build info: version: '3.141.59', revision: 'e82be7d358', time: '2018-11-14T08:17:03'
System info: host: 'MAHESH', ip: '192.168.1.7', os.name: 'Windows 10', os.arch: 'amd64', os.version: '10.0', java.version: '1.8.0_221'
Driver info: driver.version: ChromeDriver
remote stacktrace: Backtrace:
	GetHandleVerifier [0x0056B963+483]
	GetHandleVerifier [0x0056B941+449]
	GetHandleVerifier [0x00913308+3832712]
	GetHandleVerifier [0x0090778C+3784716]
	GetHandleVerifier [0x00906A47+3781319]
	GetHandleVerifier [0x00906E36+3782326]
	GetHandleVerifier [0x00906765+3780581]
	GetHandleVerifier [0x0090C420+3804320]
	GetHandleVerifier [0x00906721+3780513]
	GetHandleVerifier [0x009074B2+3783986]
	GetHandleVerifier [0x00906A47+3781319]
	GetHandleVerifier [0x00906E36+3782326]
	GetHandleVerifier [0x00906765+3780581]
	GetHandleVerifier [0x0090B655+3800789]
	GetHandleVerifier [0x00906721+3780513]
	GetHandleVerifier [0x009074B2+3783986]
	GetHandleVerifier [0x00906A47+3781319]
	GetHandleVerifier [0x00906E36+3782326]
	GetHandleVerifier [0x00906765+3780581]
	GetHandleVerifier [0x00902F46+3766214]
	GetHandleVerifier [0x00906721+3780513]
	GetHandleVerifier [0x00906543+3780035]
	GetHandleVerifier [0x00906337+3779511]
	GetHandleVerifier [0x00914540+3837376]
	GetHandleVerifier [0x0094F4BC+4078908]
	GetHandleVerifier [0x0094E56C+4074988]
	GetHandleVerifier [0x0094B2EB+4062059]
	GetHandleVerifier [0x0092ED14+3945876]
	GetHandleVerifier [0x0092FBCE+3949646]
	GetHandleVerifier [0x0092FB59+3949529]
	Ordinal0 [0x0052B5CC+46540]
	Ordinal0 [0x00529F53+40787]
	Ordinal0 [0x00529B12+39698]
	GetHandleVerifier [0x00831468+2907368]
	GetHandleVerifier [0x006771EE+1096302]
	GetHandleVerifier [0x00633E8D+821005]
	GetHandleVerifier [0x0063396B+819691]
	GetHandleVerifier [0x00633881+819457]
	GetHandleVerifier [0x0065F463+998627]
	BaseThreadInitThunk [0x76E1FA29+25]
	RtlGetAppContainerNamedObjectPath [0x779C76B4+228]
	RtlGetAppContainerNamedObjectPath [0x779C7684+180]

	at org.openqa.selenium.remote.W3CHandshakeResponse.lambda$errorHandler$0(W3CHandshakeResponse.java:62)
	at org.openqa.selenium.remote.HandshakeResponse.lambda$getResponseFunction$0(HandshakeResponse.java:30)
	at org.openqa.selenium.remote.ProtocolHandshake.lambda$createSession$0(ProtocolHandshake.java:126)
	at java.util.stream.ReferencePipeline$3$1.accept(ReferencePipeline.java:193)
	at java.util.Spliterators$ArraySpliterator.tryAdvance(Spliterators.java:958)
	at java.util.stream.ReferencePipeline.forEachWithCancel(ReferencePipeline.java:126)
	at java.util.stream.AbstractPipeline.copyIntoWithCancel(AbstractPipeline.java:499)
	at java.util.stream.AbstractPipeline.copyInto(AbstractPipeline.java:486)
	at java.util.stream.AbstractPipeline.wrapAndCopyInto(AbstractPipeline.java:472)
	at java.util.stream.FindOps$FindOp.evaluateSequential(FindOps.java:152)
	at java.util.stream.AbstractPipeline.evaluate(AbstractPipeline.java:234)
	at java.util.stream.ReferencePipeline.findFirst(ReferencePipeline.java:464)
	at org.openqa.selenium.remote.ProtocolHandshake.createSession(ProtocolHandshake.java:128)
	at org.openqa.selenium.remote.ProtocolHandshake.createSession(ProtocolHandshake.java:74)
	at org.openqa.selenium.remote.HttpCommandExecutor.execute(HttpCommandExecutor.java:136)
	at org.openqa.selenium.remote.service.DriverCommandExecutor.execute(DriverCommandExecutor.java:83)
	at org.openqa.selenium.remote.RemoteWebDriver.execute(RemoteWebDriver.java:552)
	at org.openqa.selenium.remote.RemoteWebDriver.startSession(RemoteWebDriver.java:213)
	at org.openqa.selenium.remote.RemoteWebDriver.<init>(RemoteWebDriver.java:131)
	at org.openqa.selenium.chrome.ChromeDriver.<init>(ChromeDriver.java:181)
	at org.openqa.selenium.chrome.ChromeDriver.<init>(ChromeDriver.java:168)
	at org.openqa.selenium.chrome.ChromeDriver.<init>(ChromeDriver.java:123)
	at myPack.Srivalli.addEmp(Srivalli.java:33)
	at org.apache.maven.surefire.testng.TestNGExecutor.run(TestNGExecutor.java:283)
	at org.apache.maven.surefire.testng.TestNGXmlTestSuite.execute(TestNGXmlTestSuite.java:75)
	at org.apache.maven.surefire.testng.TestNGProvider.invoke(TestNGProvider.java:120)
	at org.apache.maven.surefire.booter.ForkedBooter.invokeProviderInSameClassLoader(ForkedBooter.java:386)
	at org.apache.maven.surefire.booter.ForkedBooter.runSuitesInProcess(ForkedBooter.java:323)
	at org.apache.maven.surefire.booter.ForkedBooter.main(ForkedBooter.java:143)
... Removed 25 stack frames]]>
    </failure>
  </testcase> <!-- addEmp -->
  <testcase name="addLocation" time="0.001" classname="myPack.Srivalli"/>
  <testcase name="deleteEmp" time="0.001" classname="myPack.Srivalli"/>
  <testcase name="editEmp" time="0.0" classname="myPack.Srivalli"/>
  <testcase name="editLocation" time="0.0" classname="myPack.Srivalli"/>
  <testcase name="verifyLogin" time="7.123" classname="myPack.Srivalli"/>
</testsuite> <!-- sri-test -->
